<?xml version="1.0" encoding="utf-8"?><testsuites name="pytest tests"><testsuite name="pytest" errors="0" failures="0" skipped="0" tests="11" time="14.161" timestamp="2026-04-22T15:50:11.133857+00:00" hostname="agent-env-ecca8cf3-027f-44f3-86f9-0d195640c316"><testcase classname="backend.tests.test_pos_flow.TestAuth" name="test_login_all_roles" time="2.354" /><testcase classname="backend.tests.test_pos_flow.TestAuth" name="test_login_invalid" time="0.206" /><testcase classname="backend.tests.test_pos_flow.TestAuth" name="test_me" time="0.725" /><testcase classname="backend.tests.test_pos_flow.TestAuth" name="test_me_no_token" time="0.171" /><testcase classname="backend.tests.test_pos_flow.TestAdminCRUD" name="test_list_categories_modifiers_products" time="1.070" /><testcase classname="backend.tests.test_pos_flow.TestAdminCRUD" name="test_non_admin_cannot_create_product" time="0.781" /><testcase classname="backend.tests.test_pos_flow.TestAdminCRUD" name="test_admin_create_update_delete_product" time="1.224" /><testcase classname="backend.tests.test_pos_flow.TestAdminCRUD" name="test_list_users_admin_only" time="1.332" /><testcase classname="backend.tests.test_pos_flow.TestTables" name="test_tables_list" time="0.794" /><testcase classname="backend.tests.test_pos_flow.TestOrderFlow" name="test_full_order_lifecycle" time="3.461" /><testcase classname="backend.tests.test_pos_flow.TestOrderFlow" name="test_ws_broadcast" time="1.615" /></testsuite></testsuites>