<?xml version="1.0" encoding="utf-8"?><testsuites name="pytest tests"><testsuite name="pytest" errors="0" failures="0" skipped="0" tests="16" time="8.756" timestamp="2026-04-22T17:50:17.220390+00:00" hostname="agent-env-ecca8cf3-027f-44f3-86f9-0d195640c316"><testcase classname="backend.tests.test_reports.TestKPIs" name="test_kpis_admin" time="0.933" /><testcase classname="backend.tests.test_reports.TestKPIs" name="test_kpis_non_admin_403[waiter]" time="1.005" /><testcase classname="backend.tests.test_reports.TestKPIs" name="test_kpis_non_admin_403[cashier]" time="0.829" /><testcase classname="backend.tests.test_reports.TestKPIs" name="test_kpis_non_admin_403[kitchen]" time="0.853" /><testcase classname="backend.tests.test_reports.TestTimeseries" name="test_timeseries_day" time="0.207" /><testcase classname="backend.tests.test_reports.TestTimeseries" name="test_timeseries_hour" time="0.238" /><testcase classname="backend.tests.test_reports.TestTimeseries" name="test_timeseries_missing_params_422" time="0.176" /><testcase classname="backend.tests.test_reports.TestProducts" name="test_products_top_bottom" time="0.170" /><testcase classname="backend.tests.test_reports.TestHourly" name="test_hourly_24" time="0.170" /><testcase classname="backend.tests.test_reports.TestWeekday" name="test_weekday_7" time="0.170" /><testcase classname="backend.tests.test_reports.TestPaymentMethods" name="test_payment_methods" time="0.224" /><testcase classname="backend.tests.test_reports.TestOrdersList" name="test_orders_sorted_desc" time="0.240" /><testcase classname="backend.tests.test_reports.TestOrdersList" name="test_orders_non_admin_403[waiter]" time="0.841" /><testcase classname="backend.tests.test_reports.TestOrdersList" name="test_orders_non_admin_403[cashier]" time="0.892" /><testcase classname="backend.tests.test_reports.TestOrdersList" name="test_orders_non_admin_403[kitchen]" time="1.132" /><testcase classname="backend.tests.test_reports.TestSeedIdempotent" name="test_seed_count_stable_across_restart_marker" time="0.330" /></testsuite></testsuites>