<?xml version="1.0" encoding="utf-8"?><testsuites name="pytest tests"><testsuite name="pytest" errors="0" failures="0" skipped="0" tests="21" time="23.284" timestamp="2026-04-24T05:14:11.195445+00:00" hostname="agent-env-ecca8cf3-027f-44f3-86f9-0d195640c316"><testcase classname="backend.tests.test_pos_splitflow.TestAuth" name="test_admin_login_returns_token_and_role" time="0.723" /><testcase classname="backend.tests.test_pos_splitflow.TestAuth" name="test_legacy_demo_users_removed[admin@pos.com]" time="0.251" /><testcase classname="backend.tests.test_pos_splitflow.TestAuth" name="test_legacy_demo_users_removed[mesero@pos.com]" time="0.219" /><testcase classname="backend.tests.test_pos_splitflow.TestAuth" name="test_legacy_demo_users_removed[caja@pos.com]" time="0.174" /><testcase classname="backend.tests.test_pos_splitflow.TestAuth" name="test_legacy_demo_users_removed[cocina@pos.com]" time="0.175" /><testcase classname="backend.tests.test_pos_splitflow.TestAuth" name="test_wrong_password" time="0.536" /><testcase classname="backend.tests.test_pos_splitflow.TestUsers" name="test_admin_creates_role_users_and_they_can_login" time="5.078" /><testcase classname="backend.tests.test_pos_splitflow.TestUsers" name="test_non_admin_cannot_create_user" time="1.358" /><testcase classname="backend.tests.test_pos_splitflow.TestKDSItemDone" name="test_kitchen_marks_item_done_advances_preparing" time="2.058" /><testcase classname="backend.tests.test_pos_splitflow.TestKDSItemDone" name="test_all_items_done_advances_ready" time="1.553" /><testcase classname="backend.tests.test_pos_splitflow.TestKDSItemDone" name="test_waiter_cannot_toggle_done" time="0.798" /><testcase classname="backend.tests.test_pos_splitflow.TestKDSItemDone" name="test_cashier_cannot_toggle_done" time="1.916" /><testcase classname="backend.tests.test_pos_splitflow.TestKDSItemDone" name="test_invalid_index" time="0.851" /><testcase classname="backend.tests.test_pos_splitflow.TestPartialPayment" name="test_partial_pay_one_item_keeps_order_open" time="0.889" /><testcase classname="backend.tests.test_pos_splitflow.TestPartialPayment" name="test_pay_all_items_autocloses_order" time="0.986" /><testcase classname="backend.tests.test_pos_splitflow.TestPartialPayment" name="test_cannot_pay_already_paid" time="1.114" /><testcase classname="backend.tests.test_pos_splitflow.TestPartialPayment" name="test_waiter_cannot_partial_pay" time="0.899" /><testcase classname="backend.tests.test_pos_splitflow.TestPartialPayment" name="test_kitchen_cannot_partial_pay" time="0.871" /><testcase classname="backend.tests.test_pos_splitflow.TestPartialPayment" name="test_amount_less_than_selected_total_rejected" time="0.879" /><testcase classname="backend.tests.test_pos_splitflow.TestPartialPayment" name="test_empty_indexes_rejected" time="0.750" /><testcase classname="backend.tests.test_pos_splitflow.TestFullClose" name="test_close_order_full_payment" time="0.810" /></testsuite></testsuites>